<?xml version="1.0" encoding="utf-8" ?>
<test-results name="Jasmine Results" total="2" failures="0" not-run="0" date="2018-01-21" time="22:39:55">
 <test-suite name="AngularJs Homepage Tests" executed="true" success="true" time="13.394">
  <results>
   <test-case name="Should add a new to-do." executed="true" success="true" time="10.367">
   </test-case>
   <test-case name="Should mark a to-do as completed." executed="true" success="true" time="3.027">
   </test-case>
  </results>
 </test-suite>
</test-results>